int : ('reserved_word', -1)
n : ('identifier', 'n')
= : ('delimiter', -1)
1 : ('integer_constant', '1')
; : ('delimiter', -1)
int : ('reserved_word', -1)
x : ('identifier', 'x')
= : ('delimiter', -1)
10 : ('integer_constant', '10')
; : ('delimiter', -1)
print : ('reserved_word', -1)
( : ('delimiter', -1)
"Exista multe numere" : ('string_constant', '"Exista multe numere"')
) : ('delimiter', -1)
; : ('delimiter', -1)
if : ('reserved_word', -1)
( : ('delimiter', -1)
n : ('identifier', 'n')
> : ('delimiter', -1)
10 : ('integer_constant', '10')
) : ('delimiter', -1)
: : ('delimiter', -1)
print : ('reserved_word', -1)
( : ('delimiter', -1)
"E mai mare" : ('string_constant', '"E mai mare"')
) : ('delimiter', -1)
; : ('delimiter', -1)
else : ('reserved_word', -1)
: : ('delimiter', -1)
print : ('reserved_word', -1)
( : ('delimiter', -1)
"E mai mic" : ('string_constant', '"E mai mic"')
) : ('delimiter', -1)
; : ('delimiter', -1)
